# JRE version: Java(TM) SE Runtime Environment (7.0_79-b15) (build 1.7.0_79-b15)
# Java VM: Java HotSpot(TM) 64-Bit Server VM (24.79-b02 mixed mode windows-amd64 compressed oops)
Heap
 PSYoungGen      total 648704K, used 218042K [0x00000007c0680000, 0x0000000800000000, 0x0000000800000000)
  eden space 611840K, 30% used [0x00000007c0680000,0x00000007cbe0d170,0x00000007e5c00000)
  from space 36864K, 81% used [0x00000007e8280000,0x00000007e9fe16f0,0x00000007ea680000)
  to   space 39424K, 0% used [0x00000007e5c00000,0x00000007e5c00000,0x00000007e8280000)
 ParOldGen       total 130048K, used 47747K [0x0000000741400000, 0x0000000749300000, 0x00000007c0680000)
  object space 130048K, 36% used [0x0000000741400000,0x00000007442a0c38,0x0000000749300000)
 PSPermGen       total 83968K, used 65113K [0x000000073c200000, 0x0000000741400000, 0x0000000741400000)
  object space 83968K, 77% used [0x000000073c200000,0x0000000740196520,0x0000000741400000)
GC Heap History (10 events):
Event: 13.422 GC heap before
{Heap before GC invocations=9 (full 0):
 PSYoungGen      total 410624K, used 400734K [0x00000007c0680000, 0x00000007db280000, 0x0000000800000000)
  eden space 384000K, 100% used [0x00000007c0680000,0x00000007d7d80000,0x00000007d7d80000)
  from space 26624K, 62% used [0x00000007d9880000,0x00000007da8d7a38,0x00000007db280000)
  to   space 27136K, 0% used [0x00000007d7d80000,0x00000007d7d80000,0x00000007d9800000)
 ParOldGen       total 130048K, used 21263K [0x0000000741400000, 0x0000000749300000, 0x00000007c0680000)
  object space 130048K, 16% used [0x0000000741400000,0x00000007428c3c00,0x0000000749300000)
 PSPermGen       total 48128K, used 47641K [0x000000073c200000, 0x000000073f100000, 0x0000000741400000)
  object space 48128K, 98% used [0x000000073c200000,0x000000073f086778,0x000000073f100000)
Event: 13.449 GC heap after
Heap after GC invocations=9 (full 0):
 PSYoungGen      total 411136K, used 22697K [0x00000007c0680000, 0x00000007e9880000, 0x0000000800000000)
  eden space 384000K, 0% used [0x00000007c0680000,0x00000007c0680000,0x00000007d7d80000)
  from space 27136K, 83% used [0x00000007d7d80000,0x00000007d93aa4c8,0x00000007d9800000)
  to   space 29696K, 0% used [0x00000007e7b80000,0x00000007e7b80000,0x00000007e9880000)
 ParOldGen       total 130048K, used 26882K [0x0000000741400000, 0x0000000749300000, 0x00000007c0680000)
  object space 130048K, 20% used [0x0000000741400000,0x0000000742e40960,0x0000000749300000)
 PSPermGen       total 48128K, used 47641K [0x000000073c200000, 0x000000073f100000, 0x0000000741400000)
  object space 48128K, 98% used [0x000000073c200000,0x000000073f086778,0x000000073f100000)
}
Event: 17.102 GC heap before
{Heap before GC invocations=10 (full 0):
 PSYoungGen      total 411136K, used 406697K [0x00000007c0680000, 0x00000007e9880000, 0x0000000800000000)
  eden space 384000K, 100% used [0x00000007c0680000,0x00000007d7d80000,0x00000007d7d80000)
  from space 27136K, 83% used [0x00000007d7d80000,0x00000007d93aa4c8,0x00000007d9800000)
  to   space 29696K, 0% used [0x00000007e7b80000,0x00000007e7b80000,0x00000007e9880000)
 ParOldGen       total 130048K, used 26882K [0x0000000741400000, 0x0000000749300000, 0x00000007c0680000)
  object space 130048K, 20% used [0x0000000741400000,0x0000000742e40960,0x0000000749300000)
 PSPermGen       total 53760K, used 53318K [0x000000073c200000, 0x000000073f680000, 0x0000000741400000)
  object space 53760K, 99% used [0x000000073c200000,0x000000073f611a00,0x000000073f680000)
Event: 17.156 GC heap after
Heap after GC invocations=10 (full 0):
 PSYoungGen      total 634880K, used 29665K [0x00000007c0680000, 0x00000007eaa80000, 0x0000000800000000)
  eden space 605184K, 0% used [0x00000007c0680000,0x00000007c0680000,0x00000007e5580000)
  from space 29696K, 99% used [0x00000007e7b80000,0x00000007e9878578,0x00000007e9880000)
  to   space 38912K, 0% used [0x00000007e5580000,0x00000007e5580000,0x00000007e7b80000)
 ParOldGen       total 130048K, used 40461K [0x0000000741400000, 0x0000000749300000, 0x00000007c0680000)
  object space 130048K, 31% used [0x0000000741400000,0x0000000743b83510,0x0000000749300000)
 PSPermGen       total 53760K, used 53318K [0x000000073c200000, 0x000000073f680000, 0x0000000741400000)
  object space 53760K, 99% used [0x000000073c200000,0x000000073f611a00,0x000000073f680000)
}
Event: 22.362 GC heap before
{Heap before GC invocations=11 (full 0):
 PSYoungGen      total 634880K, used 305289K [0x00000007c0680000, 0x00000007eaa80000, 0x0000000800000000)
  eden space 605184K, 45% used [0x00000007c0680000,0x00000007d13aa0e0,0x00000007e5580000)
  from space 29696K, 99% used [0x00000007e7b80000,0x00000007e9878578,0x00000007e9880000)
  to   space 38912K, 0% used [0x00000007e5580000,0x00000007e5580000,0x00000007e7b80000)
 ParOldGen       total 130048K, used 40461K [0x0000000741400000, 0x0000000749300000, 0x00000007c0680000)
  object space 130048K, 31% used [0x0000000741400000,0x0000000743b83510,0x0000000749300000)
 PSPermGen       total 55296K, used 54822K [0x000000073c200000, 0x000000073f800000, 0x0000000741400000)
  object space 55296K, 99% used [0x000000073c200000,0x000000073f789960,0x000000073f800000)
Event: 22.404 GC heap after
Heap after GC invocations=11 (full 0):
 PSYoungGen      total 644096K, used 18423K [0x00000007c0680000, 0x00000007ea680000, 0x0000000800000000)
  eden space 605184K, 0% used [0x00000007c0680000,0x00000007c0680000,0x00000007e5580000)
  from space 38912K, 47% used [0x00000007e5580000,0x00000007e677dea0,0x00000007e7b80000)
  to   space 36864K, 0% used [0x00000007e8280000,0x00000007e8280000,0x00000007ea680000)
 ParOldGen       total 130048K, used 57934K [0x0000000741400000, 0x0000000749300000, 0x00000007c0680000)
  object space 130048K, 44% used [0x0000000741400000,0x0000000744c938c8,0x0000000749300000)
 PSPermGen       total 55296K, used 54822K [0x000000073c200000, 0x000000073f800000, 0x0000000741400000)
  object space 55296K, 99% used [0x000000073c200000,0x000000073f789960,0x000000073f800000)
}
Event: 22.404 GC heap before
{Heap before GC invocations=12 (full 1):
 PSYoungGen      total 644096K, used 18423K [0x00000007c0680000, 0x00000007ea680000, 0x0000000800000000)
  eden space 605184K, 0% used [0x00000007c0680000,0x00000007c0680000,0x00000007e5580000)
  from space 38912K, 47% used [0x00000007e5580000,0x00000007e677dea0,0x00000007e7b80000)
  to   space 36864K, 0% used [0x00000007e8280000,0x00000007e8280000,0x00000007ea680000)
 ParOldGen       total 130048K, used 57934K [0x0000000741400000, 0x0000000749300000, 0x00000007c0680000)
  object space 130048K, 44% used [0x0000000741400000,0x0000000744c938c8,0x0000000749300000)
 PSPermGen       total 55296K, used 54822K [0x000000073c200000, 0x000000073f800000, 0x0000000741400000)
  object space 55296K, 99% used [0x000000073c200000,0x000000073f789960,0x000000073f800000)
Event: 22.904 GC heap after
Heap after GC invocations=12 (full 1):
 PSYoungGen      total 644096K, used 0K [0x00000007c0680000, 0x00000007ea680000, 0x0000000800000000)
  eden space 605184K, 0% used [0x00000007c0680000,0x00000007c0680000,0x00000007e5580000)
  from space 38912K, 0% used [0x00000007e5580000,0x00000007e5580000,0x00000007e7b80000)
  to   space 36864K, 0% used [0x00000007e8280000,0x00000007e8280000,0x00000007ea680000)
 ParOldGen       total 130048K, used 47739K [0x0000000741400000, 0x0000000749300000, 0x00000007c0680000)
  object space 130048K, 36% used [0x0000000741400000,0x000000074429ec38,0x0000000749300000)
 PSPermGen       total 83968K, used 54762K [0x000000073c200000, 0x0000000741400000, 0x0000000741400000)
  object space 83968K, 65% used [0x000000073c200000,0x000000073f77ab08,0x0000000741400000)
}
Event: 1263.684 GC heap before
{Heap before GC invocations=13 (full 1):
 PSYoungGen      total 644096K, used 605184K [0x00000007c0680000, 0x00000007ea680000, 0x0000000800000000)
  eden space 605184K, 100% used [0x00000007c0680000,0x00000007e5580000,0x00000007e5580000)
  from space 38912K, 0% used [0x00000007e5580000,0x00000007e5580000,0x00000007e7b80000)
  to   space 36864K, 0% used [0x00000007e8280000,0x00000007e8280000,0x00000007ea680000)
 ParOldGen       total 130048K, used 47739K [0x0000000741400000, 0x0000000749300000, 0x00000007c0680000)
  object space 130048K, 36% used [0x0000000741400000,0x000000074429ec38,0x0000000749300000)
 PSPermGen       total 83968K, used 65027K [0x000000073c200000, 0x0000000741400000, 0x0000000741400000)
  object space 83968K, 77% used [0x000000073c200000,0x0000000740180ed8,0x0000000741400000)
Event: 1263.747 GC heap after
Heap after GC invocations=13 (full 1):
 PSYoungGen      total 648704K, used 30085K [0x00000007c0680000, 0x0000000800000000, 0x0000000800000000)
  eden space 611840K, 0% used [0x00000007c0680000,0x00000007c0680000,0x00000007e5c00000)
  from space 36864K, 81% used [0x00000007e8280000,0x00000007e9fe16f0,0x00000007ea680000)
  to   space 39424K, 0% used [0x00000007e5c00000,0x00000007e5c00000,0x00000007e8280000)
 ParOldGen       total 130048K, used 47747K [0x0000000741400000, 0x0000000749300000, 0x00000007c0680000)
  object space 130048K, 36% used [0x0000000741400000,0x00000007442a0c38,0x0000000749300000)
 PSPermGen       total 83968K, used 65027K [0x000000073c200000, 0x0000000741400000, 0x0000000741400000)
  object space 83968K, 77% used [0x000000073c200000,0x0000000740180ed8,0x0000000741400000)
}

