# JRE version: Java(TM) SE Runtime Environment (7.0_79-b15) (build 1.7.0_79-b15)
# Java VM: Java HotSpot(TM) 64-Bit Server VM (24.79-b02 mixed mode windows-amd64 compressed oops)
Heap
 PSYoungGen      total 413696K, used 66885K [0x00000007c0680000, 0x00000007e9880000, 0x0000000800000000)
  eden space 384000K, 9% used [0x00000007c0680000,0x00000007c2ad4728,0x00000007d7d80000)
  from space 29696K, 99% used [0x00000007e7b80000,0x00000007e987ce40,0x00000007e9880000)
  to   space 27648K, 0% used [0x00000007d7d80000,0x00000007d7d80000,0x00000007d9880000)
 ParOldGen       total 130048K, used 38596K [0x0000000741400000, 0x0000000749300000, 0x00000007c0680000)
  object space 130048K, 29% used [0x0000000741400000,0x00000007439b1080,0x0000000749300000)
 PSPermGen       total 53760K, used 53293K [0x000000073c200000, 0x000000073f680000, 0x0000000741400000)
  object space 53760K, 99% used [0x000000073c200000,0x000000073f60b668,0x000000073f680000)
GC Heap History (10 events):
Event: 14.177 GC heap before
{Heap before GC invocations=6 (full 0):
 PSYoungGen      total 106496K, used 106487K [0x00000007c0680000, 0x00000007ce580000, 0x0000000800000000)
  eden space 98304K, 100% used [0x00000007c0680000,0x00000007c6680000,0x00000007c6680000)
  from space 8192K, 99% used [0x00000007c6680000,0x00000007c6e7dc90,0x00000007c6e80000)
  to   space 15872K, 0% used [0x00000007cd600000,0x00000007cd600000,0x00000007ce580000)
 ParOldGen       total 130048K, used 8584K [0x0000000741400000, 0x0000000749300000, 0x00000007c0680000)
  object space 130048K, 6% used [0x0000000741400000,0x0000000741c620b0,0x0000000749300000)
 PSPermGen       total 36352K, used 36055K [0x000000073c200000, 0x000000073e580000, 0x0000000741400000)
  object space 36352K, 99% used [0x000000073c200000,0x000000073e535ee0,0x000000073e580000)
Event: 14.205 GC heap after
Heap after GC invocations=6 (full 0):
 PSYoungGen      total 207872K, used 15850K [0x00000007c0680000, 0x00000007cee80000, 0x0000000800000000)
  eden space 192000K, 0% used [0x00000007c0680000,0x00000007c0680000,0x00000007cc200000)
  from space 15872K, 99% used [0x00000007cd600000,0x00000007ce57aaf0,0x00000007ce580000)
  to   space 20480K, 0% used [0x00000007cc200000,0x00000007cc200000,0x00000007cd600000)
 ParOldGen       total 130048K, used 12066K [0x0000000741400000, 0x0000000749300000, 0x00000007c0680000)
  object space 130048K, 9% used [0x0000000741400000,0x0000000741fc8b38,0x0000000749300000)
 PSPermGen       total 36352K, used 36055K [0x000000073c200000, 0x000000073e580000, 0x0000000741400000)
  object space 36352K, 99% used [0x000000073c200000,0x000000073e535ee0,0x000000073e580000)
}
Event: 15.848 GC heap before
{Heap before GC invocations=7 (full 0):
 PSYoungGen      total 207872K, used 207850K [0x00000007c0680000, 0x00000007cee80000, 0x0000000800000000)
  eden space 192000K, 100% used [0x00000007c0680000,0x00000007cc200000,0x00000007cc200000)
  from space 15872K, 99% used [0x00000007cd600000,0x00000007ce57aaf0,0x00000007ce580000)
  to   space 20480K, 0% used [0x00000007cc200000,0x00000007cc200000,0x00000007cd600000)
 ParOldGen       total 130048K, used 12066K [0x0000000741400000, 0x0000000749300000, 0x00000007c0680000)
  object space 130048K, 9% used [0x0000000741400000,0x0000000741fc8b38,0x0000000749300000)
 PSPermGen       total 39424K, used 39120K [0x000000073c200000, 0x000000073e880000, 0x0000000741400000)
  object space 39424K, 99% used [0x000000073c200000,0x000000073e834128,0x000000073e880000)
Event: 15.885 GC heap after
Heap after GC invocations=7 (full 0):
 PSYoungGen      total 212480K, used 20463K [0x00000007c0680000, 0x00000007db380000, 0x0000000800000000)
  eden space 192000K, 0% used [0x00000007c0680000,0x00000007c0680000,0x00000007cc200000)
  from space 20480K, 99% used [0x00000007cc200000,0x00000007cd5fbf08,0x00000007cd600000)
  to   space 27648K, 0% used [0x00000007d9880000,0x00000007d9880000,0x00000007db380000)
 ParOldGen       total 130048K, used 18973K [0x0000000741400000, 0x0000000749300000, 0x00000007c0680000)
  object space 130048K, 14% used [0x0000000741400000,0x0000000742687480,0x0000000749300000)
 PSPermGen       total 39424K, used 39120K [0x000000073c200000, 0x000000073e880000, 0x0000000741400000)
  object space 39424K, 99% used [0x000000073c200000,0x000000073e834128,0x000000073e880000)
}
Event: 17.614 GC heap before
{Heap before GC invocations=8 (full 0):
 PSYoungGen      total 212480K, used 212463K [0x00000007c0680000, 0x00000007db380000, 0x0000000800000000)
  eden space 192000K, 100% used [0x00000007c0680000,0x00000007cc200000,0x00000007cc200000)
  from space 20480K, 99% used [0x00000007cc200000,0x00000007cd5fbf08,0x00000007cd600000)
  to   space 27648K, 0% used [0x00000007d9880000,0x00000007d9880000,0x00000007db380000)
 ParOldGen       total 130048K, used 18973K [0x0000000741400000, 0x0000000749300000, 0x00000007c0680000)
  object space 130048K, 14% used [0x0000000741400000,0x0000000742687480,0x0000000749300000)
 PSPermGen       total 43008K, used 42772K [0x000000073c200000, 0x000000073ec00000, 0x0000000741400000)
  object space 43008K, 99% used [0x000000073c200000,0x000000073ebc5290,0x000000073ec00000)
Event: 17.648 GC heap after
Heap after GC invocations=8 (full 0):
 PSYoungGen      total 411648K, used 17026K [0x00000007c0680000, 0x00000007db380000, 0x0000000800000000)
  eden space 384000K, 0% used [0x00000007c0680000,0x00000007c0680000,0x00000007d7d80000)
  from space 27648K, 61% used [0x00000007d9880000,0x00000007da920808,0x00000007db380000)
  to   space 27648K, 0% used [0x00000007d7d80000,0x00000007d7d80000,0x00000007d9880000)
 ParOldGen       total 130048K, used 20759K [0x0000000741400000, 0x0000000749300000, 0x00000007c0680000)
  object space 130048K, 15% used [0x0000000741400000,0x0000000742845c88,0x0000000749300000)
 PSPermGen       total 43008K, used 42772K [0x000000073c200000, 0x000000073ec00000, 0x0000000741400000)
  object space 43008K, 99% used [0x000000073c200000,0x000000073ebc5290,0x000000073ec00000)
}
Event: 21.080 GC heap before
{Heap before GC invocations=9 (full 0):
 PSYoungGen      total 411648K, used 401026K [0x00000007c0680000, 0x00000007db380000, 0x0000000800000000)
  eden space 384000K, 100% used [0x00000007c0680000,0x00000007d7d80000,0x00000007d7d80000)
  from space 27648K, 61% used [0x00000007d9880000,0x00000007da920808,0x00000007db380000)
  to   space 27648K, 0% used [0x00000007d7d80000,0x00000007d7d80000,0x00000007d9880000)
 ParOldGen       total 130048K, used 20759K [0x0000000741400000, 0x0000000749300000, 0x00000007c0680000)
  object space 130048K, 15% used [0x0000000741400000,0x0000000742845c88,0x0000000749300000)
 PSPermGen       total 47616K, used 47479K [0x000000073c200000, 0x000000073f080000, 0x0000000741400000)
  object space 47616K, 99% used [0x000000073c200000,0x000000073f05dc30,0x000000073f080000)
Event: 21.114 GC heap after
Heap after GC invocations=9 (full 0):
 PSYoungGen      total 411648K, used 22635K [0x00000007c0680000, 0x00000007e9880000, 0x0000000800000000)
  eden space 384000K, 0% used [0x00000007c0680000,0x00000007c0680000,0x00000007d7d80000)
  from space 27648K, 81% used [0x00000007d7d80000,0x00000007d939aca8,0x00000007d9880000)
  to   space 29696K, 0% used [0x00000007e7b80000,0x00000007e7b80000,0x00000007e9880000)
 ParOldGen       total 130048K, used 26406K [0x0000000741400000, 0x0000000749300000, 0x00000007c0680000)
  object space 130048K, 20% used [0x0000000741400000,0x0000000742dc9ae0,0x0000000749300000)
 PSPermGen       total 47616K, used 47479K [0x000000073c200000, 0x000000073f080000, 0x0000000741400000)
  object space 47616K, 99% used [0x000000073c200000,0x000000073f05dc30,0x000000073f080000)
}
Event: 27.003 GC heap before
{Heap before GC invocations=10 (full 0):
 PSYoungGen      total 411648K, used 406635K [0x00000007c0680000, 0x00000007e9880000, 0x0000000800000000)
  eden space 384000K, 100% used [0x00000007c0680000,0x00000007d7d80000,0x00000007d7d80000)
  from space 27648K, 81% used [0x00000007d7d80000,0x00000007d939aca8,0x00000007d9880000)
  to   space 29696K, 0% used [0x00000007e7b80000,0x00000007e7b80000,0x00000007e9880000)
 ParOldGen       total 130048K, used 26406K [0x0000000741400000, 0x0000000749300000, 0x00000007c0680000)
  object space 130048K, 20% used [0x0000000741400000,0x0000000742dc9ae0,0x0000000749300000)
 PSPermGen       total 53760K, used 53287K [0x000000073c200000, 0x000000073f680000, 0x0000000741400000)
  object space 53760K, 99% used [0x000000073c200000,0x000000073f609de8,0x000000073f680000)
Event: 27.046 GC heap after
Heap after GC invocations=10 (full 0):
 PSYoungGen      total 413696K, used 29683K [0x00000007c0680000, 0x00000007e9880000, 0x0000000800000000)
  eden space 384000K, 0% used [0x00000007c0680000,0x00000007c0680000,0x00000007d7d80000)
  from space 29696K, 99% used [0x00000007e7b80000,0x00000007e987ce40,0x00000007e9880000)
  to   space 27648K, 0% used [0x00000007d7d80000,0x00000007d7d80000,0x00000007d9880000)
 ParOldGen       total 130048K, used 38596K [0x0000000741400000, 0x0000000749300000, 0x00000007c0680000)
  object space 130048K, 29% used [0x0000000741400000,0x00000007439b1080,0x0000000749300000)
 PSPermGen       total 53760K, used 53287K [0x000000073c200000, 0x000000073f680000, 0x0000000741400000)
  object space 53760K, 99% used [0x000000073c200000,0x000000073f609de8,0x000000073f680000)
}

